<?xml version="1.0" encoding="UTF-8"?>
<testsuite name="anagrams.ScorePanelTests" tests="2" skipped="0" failures="0" errors="0" timestamp="2022-12-07T02:14:19" hostname="Stuarts-MacBook-Air.local" time="0.001">
  <properties/>
  <testcase name="testUpdateScore" classname="anagrams.ScorePanelTests" time="0.001"/>
  <testcase name="testConstructor" classname="anagrams.ScorePanelTests" time="0.0"/>
  <system-out><![CDATA[]]></system-out>
  <system-err><![CDATA[]]></system-err>
</testsuite>
