<?xml version="1.0" encoding="UTF-8"?>
<testsuite name="anagrams.DifficultyTests" tests="5" skipped="0" failures="0" errors="0" timestamp="2022-12-07T02:14:18" hostname="Stuarts-MacBook-Air.local" time="0.004">
  <properties/>
  <testcase name="TestingModeTestOutput" classname="anagrams.DifficultyTests" time="0.003"/>
  <testcase name="EasyModeTestRandom" classname="anagrams.DifficultyTests" time="0.0"/>
  <testcase name="TestEasyLength" classname="anagrams.DifficultyTests" time="0.0"/>
  <testcase name="HardModeTestRandom" classname="anagrams.DifficultyTests" time="0.001"/>
  <testcase name="TestHardLength" classname="anagrams.DifficultyTests" time="0.0"/>
  <system-out><![CDATA[]]></system-out>
  <system-err><![CDATA[]]></system-err>
</testsuite>
