<?xml version="1.0" encoding="UTF-8"?>
<testsuite name="anagrams.TopLettersTests" tests="6" skipped="0" failures="0" errors="0" timestamp="2022-12-07T02:14:19" hostname="Stuarts-MacBook-Air.local" time="0.004">
  <properties/>
  <testcase name="testGetIndex" classname="anagrams.TopLettersTests" time="0.001"/>
  <testcase name="testGetButtons" classname="anagrams.TopLettersTests" time="0.0"/>
  <testcase name="testGetPotentialWord" classname="anagrams.TopLettersTests" time="0.001"/>
  <testcase name="testSetLetterFalse" classname="anagrams.TopLettersTests" time="0.001"/>
  <testcase name="testSetLetter" classname="anagrams.TopLettersTests" time="0.0"/>
  <testcase name="testConstructor" classname="anagrams.TopLettersTests" time="0.001"/>
  <system-out><![CDATA[]]></system-out>
  <system-err><![CDATA[]]></system-err>
</testsuite>
