<?xml version="1.0" encoding="UTF-8"?>
<testsuite name="anagrams.DictionaryTests" tests="5" skipped="0" failures="0" errors="0" timestamp="2022-12-07T02:14:17" hostname="Stuarts-MacBook-Air.local" time="0.571">
  <properties/>
  <testcase name="checkScoreThree" classname="anagrams.DictionaryTests" time="0.161"/>
  <testcase name="checkScoreFive" classname="anagrams.DictionaryTests" time="0.131"/>
  <testcase name="checkScoreFour" classname="anagrams.DictionaryTests" time="0.107"/>
  <testcase name="dictHasCorrectFiles" classname="anagrams.DictionaryTests" time="0.082"/>
  <testcase name="checkScoreSix" classname="anagrams.DictionaryTests" time="0.089"/>
  <system-out><![CDATA[]]></system-out>
  <system-err><![CDATA[]]></system-err>
</testsuite>
