<?xml version="1.0" encoding="UTF-8"?>
<testsuite name="anagrams.ModelTest" tests="8" skipped="0" failures="0" errors="0" timestamp="2022-12-07T02:14:18" hostname="Stuarts-MacBook-Air.local" time="0.804">
  <properties/>
  <testcase name="testClickEnter" classname="anagrams.ModelTest" time="0.198"/>
  <testcase name="testGetScorePanel" classname="anagrams.ModelTest" time="0.08"/>
  <testcase name="testClickTopLetter" classname="anagrams.ModelTest" time="0.09"/>
  <testcase name="testSetDifficulty" classname="anagrams.ModelTest" time="0.093"/>
  <testcase name="testGetTopLetters" classname="anagrams.ModelTest" time="0.086"/>
  <testcase name="testGetBottomLetters" classname="anagrams.ModelTest" time="0.105"/>
  <testcase name="testClickBottomLetter" classname="anagrams.ModelTest" time="0.076"/>
  <testcase name="testModelConstructor" classname="anagrams.ModelTest" time="0.076"/>
  <system-out><![CDATA[ABC
]]></system-out>
  <system-err><![CDATA[]]></system-err>
</testsuite>
